14/08/2011 17:29:58 (Std) 	+-+-+-+-+-+-+-+-+-+-+-+-+-+-+-+-+-+-+-+-+-+-+-+-+-+-+-+-+-+-+-+-+-+-+-+-+-+-+-+
14/08/2011 17:29:58 (Std) 	+                     Crazy Eddie's GUI System - Event log                    +
14/08/2011 17:29:58 (Std) 	+                          (http://www.cegui.org.uk/)                         +
14/08/2011 17:29:58 (Std) 	+-+-+-+-+-+-+-+-+-+-+-+-+-+-+-+-+-+-+-+-+-+-+-+-+-+-+-+-+-+-+-+-+-+-+-+-+-+-+-+

14/08/2011 17:29:58 (Std) 	CEGUI::Logger singleton created. (00B0BC88)
14/08/2011 17:29:58 (Std) 	
14/08/2011 17:29:58 (Std) 	********************************************************************************
14/08/2011 17:29:58 (Std) 	* Important:                                                                   *
14/08/2011 17:29:58 (Std) 	*     To get support at the CEGUI forums, you must post _at least_ the section *
14/08/2011 17:29:58 (Std) 	*     of this log file indicated below.  Failure to do this will result in no  *
14/08/2011 17:29:58 (Std) 	*     support being given; please do not waste our time.                       *
14/08/2011 17:29:58 (Std) 	********************************************************************************
14/08/2011 17:29:58 (Std) 	********************************************************************************
14/08/2011 17:29:58 (Std) 	* -------- START OF ESSENTIAL SECTION TO BE POSTED ON THE FORUM       -------- *
14/08/2011 17:29:58 (Std) 	********************************************************************************
14/08/2011 17:29:58 (Std) 	---- Version 0.7.5 (Build: Aug 11 2011 Microsoft Windows MSVC++ 10.0 32 bit) ----
14/08/2011 17:29:58 (Std) 	---- Renderer module is: CEGUI::Direct3D9Renderer - Official Direct3D 9 based 2nd generation renderer module. ----
14/08/2011 17:29:58 (Std) 	---- XML Parser module is: CEGUI::ExpatParser - Official expat based parser module for CEGUI ----
14/08/2011 17:29:58 (Std) 	---- Image Codec module is: SILLYImageCodec - Official SILLY based image codec ----
14/08/2011 17:29:58 (Std) 	---- Scripting module is: None ----
14/08/2011 17:29:58 (Std) 	********************************************************************************
14/08/2011 17:29:58 (Std) 	* -------- END OF ESSENTIAL SECTION TO BE POSTED ON THE FORUM         -------- *
14/08/2011 17:29:58 (Std) 	********************************************************************************
14/08/2011 17:29:58 (Std) 	
14/08/2011 17:29:58 (Std) 	---- Begining CEGUI System initialisation ----
14/08/2011 17:29:58 (Std) 	CEGUI::ImagesetManager singleton created (00B0BDF0)
14/08/2011 17:29:58 (Std) 	CEGUI::FontManager singleton created. (00B08D98)
14/08/2011 17:29:58 (Std) 	CEGUI::WindowFactoryManager singleton created
14/08/2011 17:29:58 (Std) 	CEGUI::WindowManager singleton created (00B097D0)
14/08/2011 17:29:58 (Std) 	CEGUI::SchemeManager singleton created. (00B08E68)
14/08/2011 17:29:58 (Std) 	CEGUI::MouseCursor singleton created. (00B0B3F8)
14/08/2011 17:29:58 (Std) 	CEGUI::GlobalEventSet singleton created. (00A995A8)
14/08/2011 17:29:58 (Std) 	CEGUI::AnimationManager singleton created (00AC4430)
14/08/2011 17:29:58 (Std) 	CEGUI::WidgetLookManager singleton created. (00AF3810)
14/08/2011 17:29:58 (Std) 	CEGUI::WindowRendererManager singleton created (00AF3828)
14/08/2011 17:29:58 (Std) 	CEGUI::RenderEffectManager singleton created (00A99508)
14/08/2011 17:29:58 (Std) 	Created WindowFactory for 'DefaultWindow' windows.
14/08/2011 17:29:58 (Std) 	WindowFactory for 'DefaultWindow' windows added. (00B0A2F8)
14/08/2011 17:29:58 (Std) 	Created WindowFactory for 'DragContainer' windows.
14/08/2011 17:29:58 (Std) 	WindowFactory for 'DragContainer' windows added. (00B0A3A0)
14/08/2011 17:29:58 (Std) 	Created WindowFactory for 'ScrolledContainer' windows.
14/08/2011 17:29:58 (Std) 	WindowFactory for 'ScrolledContainer' windows added. (00B0A448)
14/08/2011 17:29:58 (Std) 	Created WindowFactory for 'ClippedContainer' windows.
14/08/2011 17:29:58 (Std) 	WindowFactory for 'ClippedContainer' windows added. (00B0A4F0)
14/08/2011 17:29:58 (Std) 	Created WindowFactory for 'CEGUI/Checkbox' windows.
14/08/2011 17:29:58 (Std) 	WindowFactory for 'CEGUI/Checkbox' windows added. (00B0A598)
14/08/2011 17:29:58 (Std) 	Created WindowFactory for 'CEGUI/PushButton' windows.
14/08/2011 17:29:58 (Std) 	WindowFactory for 'CEGUI/PushButton' windows added. (00B0A640)
14/08/2011 17:29:58 (Std) 	Created WindowFactory for 'CEGUI/RadioButton' windows.
14/08/2011 17:29:58 (Std) 	WindowFactory for 'CEGUI/RadioButton' windows added. (00B0A6E8)
14/08/2011 17:29:58 (Std) 	Created WindowFactory for 'CEGUI/Combobox' windows.
14/08/2011 17:29:58 (Std) 	WindowFactory for 'CEGUI/Combobox' windows added. (00B0A790)
14/08/2011 17:29:58 (Std) 	Created WindowFactory for 'CEGUI/ComboDropList' windows.
14/08/2011 17:29:58 (Std) 	WindowFactory for 'CEGUI/ComboDropList' windows added. (00B0A838)
14/08/2011 17:29:58 (Std) 	Created WindowFactory for 'CEGUI/Editbox' windows.
14/08/2011 17:29:58 (Std) 	WindowFactory for 'CEGUI/Editbox' windows added. (00B0A8E0)
14/08/2011 17:29:58 (Std) 	Created WindowFactory for 'CEGUI/FrameWindow' windows.
14/08/2011 17:29:58 (Std) 	WindowFactory for 'CEGUI/FrameWindow' windows added. (00B0A988)
14/08/2011 17:29:58 (Std) 	Created WindowFactory for 'CEGUI/ItemEntry' windows.
14/08/2011 17:29:58 (Std) 	WindowFactory for 'CEGUI/ItemEntry' windows added. (00B0AA30)
14/08/2011 17:29:58 (Std) 	Created WindowFactory for 'CEGUI/Listbox' windows.
14/08/2011 17:29:58 (Std) 	WindowFactory for 'CEGUI/Listbox' windows added. (00B0AAD8)
14/08/2011 17:29:58 (Std) 	Created WindowFactory for 'CEGUI/ListHeader' windows.
14/08/2011 17:29:58 (Std) 	WindowFactory for 'CEGUI/ListHeader' windows added. (00B0AB80)
14/08/2011 17:29:58 (Std) 	Created WindowFactory for 'CEGUI/ListHeaderSegment' windows.
14/08/2011 17:29:58 (Std) 	WindowFactory for 'CEGUI/ListHeaderSegment' windows added. (00B0AC28)
14/08/2011 17:29:58 (Std) 	Created WindowFactory for 'CEGUI/Menubar' windows.
14/08/2011 17:29:58 (Std) 	WindowFactory for 'CEGUI/Menubar' windows added. (00B0ACD0)
14/08/2011 17:29:58 (Std) 	Created WindowFactory for 'CEGUI/PopupMenu' windows.
14/08/2011 17:29:58 (Std) 	WindowFactory for 'CEGUI/PopupMenu' windows added. (00B0AD78)
14/08/2011 17:29:58 (Std) 	Created WindowFactory for 'CEGUI/MenuItem' windows.
14/08/2011 17:29:58 (Std) 	WindowFactory for 'CEGUI/MenuItem' windows added. (00B0AE20)
14/08/2011 17:29:58 (Std) 	Created WindowFactory for 'CEGUI/MultiColumnList' windows.
14/08/2011 17:29:58 (Std) 	WindowFactory for 'CEGUI/MultiColumnList' windows added. (00B0AEC8)
14/08/2011 17:29:58 (Std) 	Created WindowFactory for 'CEGUI/MultiLineEditbox' windows.
14/08/2011 17:29:58 (Std) 	WindowFactory for 'CEGUI/MultiLineEditbox' windows added. (00B0AF70)
14/08/2011 17:29:58 (Std) 	Created WindowFactory for 'CEGUI/ProgressBar' windows.
14/08/2011 17:29:58 (Std) 	WindowFactory for 'CEGUI/ProgressBar' windows added. (00B0B018)
14/08/2011 17:29:58 (Std) 	Created WindowFactory for 'CEGUI/ScrollablePane' windows.
14/08/2011 17:29:58 (Std) 	WindowFactory for 'CEGUI/ScrollablePane' windows added. (00B0B0C0)
14/08/2011 17:29:58 (Std) 	Created WindowFactory for 'CEGUI/Scrollbar' windows.
14/08/2011 17:29:58 (Std) 	WindowFactory for 'CEGUI/Scrollbar' windows added. (00B15928)
14/08/2011 17:29:58 (Std) 	Created WindowFactory for 'CEGUI/Slider' windows.
14/08/2011 17:29:58 (Std) 	WindowFactory for 'CEGUI/Slider' windows added. (00B159D0)
14/08/2011 17:29:58 (Std) 	Created WindowFactory for 'CEGUI/Spinner' windows.
14/08/2011 17:29:58 (Std) 	WindowFactory for 'CEGUI/Spinner' windows added. (00B15A78)
14/08/2011 17:29:58 (Std) 	Created WindowFactory for 'CEGUI/TabButton' windows.
14/08/2011 17:29:58 (Std) 	WindowFactory for 'CEGUI/TabButton' windows added. (00B15B20)
14/08/2011 17:29:58 (Std) 	Created WindowFactory for 'CEGUI/TabControl' windows.
14/08/2011 17:29:58 (Std) 	WindowFactory for 'CEGUI/TabControl' windows added. (00B15BC8)
14/08/2011 17:29:58 (Std) 	Created WindowFactory for 'CEGUI/Thumb' windows.
14/08/2011 17:29:58 (Std) 	WindowFactory for 'CEGUI/Thumb' windows added. (00B15C70)
14/08/2011 17:29:58 (Std) 	Created WindowFactory for 'CEGUI/Titlebar' windows.
14/08/2011 17:29:58 (Std) 	WindowFactory for 'CEGUI/Titlebar' windows added. (00B15D18)
14/08/2011 17:29:58 (Std) 	Created WindowFactory for 'CEGUI/Tooltip' windows.
14/08/2011 17:29:58 (Std) 	WindowFactory for 'CEGUI/Tooltip' windows added. (00B15DC0)
14/08/2011 17:29:58 (Std) 	Created WindowFactory for 'CEGUI/ItemListbox' windows.
14/08/2011 17:29:58 (Std) 	WindowFactory for 'CEGUI/ItemListbox' windows added. (00B15E68)
14/08/2011 17:29:58 (Std) 	Created WindowFactory for 'CEGUI/GroupBox' windows.
14/08/2011 17:29:58 (Std) 	WindowFactory for 'CEGUI/GroupBox' windows added. (00B15F10)
14/08/2011 17:29:58 (Std) 	Created WindowFactory for 'CEGUI/Tree' windows.
14/08/2011 17:29:58 (Std) 	WindowFactory for 'CEGUI/Tree' windows added. (00B15FB8)
14/08/2011 17:29:58 (Std) 	Created WindowFactory for 'HorizontalLayoutContainer' windows.
14/08/2011 17:29:58 (Std) 	WindowFactory for 'HorizontalLayoutContainer' windows added. (00B16060)
14/08/2011 17:29:58 (Std) 	Created WindowFactory for 'VerticalLayoutContainer' windows.
14/08/2011 17:29:58 (Std) 	WindowFactory for 'VerticalLayoutContainer' windows added. (00B16108)
14/08/2011 17:29:58 (Std) 	Created WindowFactory for 'GridLayoutContainer' windows.
14/08/2011 17:29:58 (Std) 	WindowFactory for 'GridLayoutContainer' windows added. (00B161B0)
14/08/2011 17:29:58 (Std) 	Window type alias named 'DefaultGUISheet' added for window type 'DefaultWindow'.
14/08/2011 17:29:58 (Std) 	CEGUI::System singleton created. (00B08220)
14/08/2011 17:29:58 (Std) 	---- CEGUI System initialisation completed ----
14/08/2011 17:29:58 (Std) 	
14/08/2011 17:29:58 (Std) 	Started creation of Scheme from XML specification:
14/08/2011 17:29:58 (Std) 	---- CEGUI GUIScheme name: TaharezLook
14/08/2011 17:29:58 (Info) 	Finished creation of GUIScheme 'TaharezLook' via XML file. (00B0B2D8)
14/08/2011 17:29:58 (Info) 	---- Begining resource loading for GUI scheme 'TaharezLook' ----
14/08/2011 17:29:58 (Std) 	Started creation of Imageset from XML specification:
14/08/2011 17:29:58 (Std) 	---- CEGUI Imageset name: TaharezLook
14/08/2011 17:29:58 (Std) 	---- Source texture file: TaharezLook.tga in resource group: (Default)
14/08/2011 17:29:58 (Info) 	Finished creation of Imageset 'TaharezLook' via XML file. (00B17E68)
14/08/2011 17:29:58 (Std) 	Started creation of Font from XML specification:
14/08/2011 17:29:58 (Std) 	---- CEGUI font name: DejaVuSans-10
14/08/2011 17:29:58 (Std) 	----       Font type: FreeType
14/08/2011 17:29:58 (Std) 	----     Source file: DejaVuSans.ttf in resource group: (Default)
14/08/2011 17:29:58 (Std) 	---- Real point size: 10
14/08/2011 17:29:58 (Info) 	Successfully loaded 3045 glyphs
14/08/2011 17:29:58 (Info) 	Finished creation of Font 'DejaVuSans-10' via XML file. (00B58C68)
14/08/2011 17:29:58 (Std) 	===== Falagard 'root' element: look and feel parsing begins =====
14/08/2011 17:29:58 (Info) 	---> Start of definition for widget look 'TaharezLook/Button'.
14/08/2011 17:29:58 (Info) 	---< End of definition for widget look 'TaharezLook/Button'.
14/08/2011 17:29:58 (Info) 	---> Start of definition for widget look 'TaharezLook/RadioButton'.
14/08/2011 17:29:58 (Info) 	---< End of definition for widget look 'TaharezLook/RadioButton'.
14/08/2011 17:29:58 (Info) 	---> Start of definition for widget look 'TaharezLook/Checkbox'.
14/08/2011 17:29:58 (Info) 	---< End of definition for widget look 'TaharezLook/Checkbox'.
14/08/2011 17:29:58 (Info) 	---> Start of definition for widget look 'TaharezLook/Editbox'.
14/08/2011 17:29:58 (Info) 	---< End of definition for widget look 'TaharezLook/Editbox'.
14/08/2011 17:29:58 (Info) 	---> Start of definition for widget look 'TaharezLook/Titlebar'.
14/08/2011 17:29:58 (Info) 	---< End of definition for widget look 'TaharezLook/Titlebar'.
14/08/2011 17:29:58 (Info) 	---> Start of definition for widget look 'TaharezLook/FrameWindow'.
14/08/2011 17:29:58 (Info) 	---< End of definition for widget look 'TaharezLook/FrameWindow'.
14/08/2011 17:29:58 (Info) 	---> Start of definition for widget look 'TaharezLook/GroupBox'.
14/08/2011 17:29:58 (Info) 	---< End of definition for widget look 'TaharezLook/GroupBox'.
14/08/2011 17:29:58 (Info) 	---> Start of definition for widget look 'TaharezLook/ProgressBar'.
14/08/2011 17:29:58 (Info) 	---< End of definition for widget look 'TaharezLook/ProgressBar'.
14/08/2011 17:29:58 (Info) 	---> Start of definition for widget look 'TaharezLook/AltProgressBar'.
14/08/2011 17:29:58 (Info) 	---< End of definition for widget look 'TaharezLook/AltProgressBar'.
14/08/2011 17:29:58 (Info) 	---> Start of definition for widget look 'TaharezLook/VUMeter'.
14/08/2011 17:29:58 (Info) 	---< End of definition for widget look 'TaharezLook/VUMeter'.
14/08/2011 17:29:58 (Info) 	---> Start of definition for widget look 'TaharezLook/SliderThumb'.
14/08/2011 17:29:58 (Info) 	---< End of definition for widget look 'TaharezLook/SliderThumb'.
14/08/2011 17:29:58 (Info) 	---> Start of definition for widget look 'TaharezLook/Slider'.
14/08/2011 17:29:58 (Info) 	---< End of definition for widget look 'TaharezLook/Slider'.
14/08/2011 17:29:58 (Info) 	---> Start of definition for widget look 'TaharezLook/HorizontalScrollbarThumb'.
14/08/2011 17:29:58 (Info) 	---< End of definition for widget look 'TaharezLook/HorizontalScrollbarThumb'.
14/08/2011 17:29:58 (Info) 	---> Start of definition for widget look 'TaharezLook/HorizontalScrollbar'.
14/08/2011 17:29:58 (Info) 	---< End of definition for widget look 'TaharezLook/HorizontalScrollbar'.
14/08/2011 17:29:58 (Info) 	---> Start of definition for widget look 'TaharezLook/VerticalScrollbarThumb'.
14/08/2011 17:29:58 (Info) 	---< End of definition for widget look 'TaharezLook/VerticalScrollbarThumb'.
14/08/2011 17:29:58 (Info) 	---> Start of definition for widget look 'TaharezLook/VerticalScrollbar'.
14/08/2011 17:29:58 (Info) 	---< End of definition for widget look 'TaharezLook/VerticalScrollbar'.
14/08/2011 17:29:58 (Info) 	---> Start of definition for widget look 'TaharezLook/Listbox'.
14/08/2011 17:29:58 (Info) 	---< End of definition for widget look 'TaharezLook/Listbox'.
14/08/2011 17:29:58 (Info) 	---> Start of definition for widget look 'TaharezLook/ComboDropList'.
14/08/2011 17:29:58 (Info) 	---< End of definition for widget look 'TaharezLook/ComboDropList'.
14/08/2011 17:29:58 (Info) 	---> Start of definition for widget look 'TaharezLook/ComboEditbox'.
14/08/2011 17:29:58 (Info) 	---< End of definition for widget look 'TaharezLook/ComboEditbox'.
14/08/2011 17:29:58 (Info) 	---> Start of definition for widget look 'TaharezLook/Combobox'.
14/08/2011 17:29:58 (Info) 	---< End of definition for widget look 'TaharezLook/Combobox'.
14/08/2011 17:29:58 (Info) 	---> Start of definition for widget look 'TaharezLook/Spinner'.
14/08/2011 17:29:58 (Info) 	---< End of definition for widget look 'TaharezLook/Spinner'.
14/08/2011 17:29:58 (Info) 	---> Start of definition for widget look 'TaharezLook/StaticShared'.
14/08/2011 17:29:58 (Info) 	---< End of definition for widget look 'TaharezLook/StaticShared'.
14/08/2011 17:29:58 (Info) 	---> Start of definition for widget look 'TaharezLook/StaticImage'.
14/08/2011 17:29:58 (Info) 	---< End of definition for widget look 'TaharezLook/StaticImage'.
14/08/2011 17:29:58 (Info) 	---> Start of definition for widget look 'TaharezLook/StaticText'.
14/08/2011 17:29:58 (Info) 	---< End of definition for widget look 'TaharezLook/StaticText'.
14/08/2011 17:29:58 (Info) 	---> Start of definition for widget look 'TaharezLook/ListHeaderSegment'.
14/08/2011 17:29:58 (Info) 	---< End of definition for widget look 'TaharezLook/ListHeaderSegment'.
14/08/2011 17:29:58 (Info) 	---> Start of definition for widget look 'TaharezLook/ListHeader'.
14/08/2011 17:29:58 (Info) 	---< End of definition for widget look 'TaharezLook/ListHeader'.
14/08/2011 17:29:58 (Info) 	---> Start of definition for widget look 'TaharezLook/MultiColumnList'.
14/08/2011 17:29:58 (Info) 	---< End of definition for widget look 'TaharezLook/MultiColumnList'.
14/08/2011 17:29:58 (Info) 	---> Start of definition for widget look 'TaharezLook/MultiLineEditbox'.
14/08/2011 17:29:58 (Info) 	---< End of definition for widget look 'TaharezLook/MultiLineEditbox'.
14/08/2011 17:29:58 (Info) 	---> Start of definition for widget look 'TaharezLook/Tooltip'.
14/08/2011 17:29:58 (Info) 	---< End of definition for widget look 'TaharezLook/Tooltip'.
14/08/2011 17:29:58 (Info) 	---> Start of definition for widget look 'TaharezLook/ScrollablePane'.
14/08/2011 17:29:58 (Info) 	---< End of definition for widget look 'TaharezLook/ScrollablePane'.
14/08/2011 17:29:58 (Info) 	---> Start of definition for widget look 'TaharezLook/TabButton'.
14/08/2011 17:29:58 (Info) 	---< End of definition for widget look 'TaharezLook/TabButton'.
14/08/2011 17:29:58 (Info) 	---> Start of definition for widget look 'TaharezLook/TabContentPane'.
14/08/2011 17:29:58 (Info) 	---< End of definition for widget look 'TaharezLook/TabContentPane'.
14/08/2011 17:29:58 (Info) 	---> Start of definition for widget look 'TaharezLook/TabButtonPane'.
14/08/2011 17:29:58 (Info) 	---< End of definition for widget look 'TaharezLook/TabButtonPane'.
14/08/2011 17:29:58 (Info) 	---> Start of definition for widget look 'TaharezLook/TabControl'.
14/08/2011 17:29:58 (Info) 	---< End of definition for widget look 'TaharezLook/TabControl'.
14/08/2011 17:29:58 (Info) 	---> Start of definition for widget look 'TaharezLook/MenuItem'.
14/08/2011 17:29:58 (Info) 	---< End of definition for widget look 'TaharezLook/MenuItem'.
14/08/2011 17:29:58 (Info) 	---> Start of definition for widget look 'TaharezLook/PopupMenu'.
14/08/2011 17:29:58 (Info) 	---< End of definition for widget look 'TaharezLook/PopupMenu'.
14/08/2011 17:29:58 (Info) 	---> Start of definition for widget look 'TaharezLook/Menubar'.
14/08/2011 17:29:58 (Info) 	---< End of definition for widget look 'TaharezLook/Menubar'.
14/08/2011 17:29:58 (Info) 	---> Start of definition for widget look 'TaharezLook/LargeVerticalScrollbarThumb'.
14/08/2011 17:29:58 (Info) 	---< End of definition for widget look 'TaharezLook/LargeVerticalScrollbarThumb'.
14/08/2011 17:29:58 (Info) 	---> Start of definition for widget look 'TaharezLook/LargeVerticalScrollbar'.
14/08/2011 17:29:58 (Info) 	---< End of definition for widget look 'TaharezLook/LargeVerticalScrollbar'.
14/08/2011 17:29:58 (Info) 	---> Start of definition for widget look 'TaharezLook/ImageButton'.
14/08/2011 17:29:58 (Info) 	---< End of definition for widget look 'TaharezLook/ImageButton'.
14/08/2011 17:29:58 (Info) 	---> Start of definition for widget look 'TaharezLook/ItemListbox'.
14/08/2011 17:29:58 (Info) 	---< End of definition for widget look 'TaharezLook/ItemListbox'.
14/08/2011 17:29:58 (Info) 	---> Start of definition for widget look 'TaharezLook/ListboxItem'.
14/08/2011 17:29:58 (Info) 	---< End of definition for widget look 'TaharezLook/ListboxItem'.
14/08/2011 17:29:58 (Info) 	---> Start of definition for widget look 'TaharezLook/Tree'.
14/08/2011 17:29:58 (Info) 	---< End of definition for widget look 'TaharezLook/Tree'.
14/08/2011 17:29:58 (Std) 	===== Look and feel parsing completed =====
14/08/2011 17:29:58 (Std) 	No window renderer factories specified for module 'CEGUIFalagardWRBase' - adding all available factories...
14/08/2011 17:29:58 (Std) 	Created WindowRendererFactory for 'Falagard/Button' WindowRenderers.
14/08/2011 17:29:58 (Std) 	WindowRendererFactory 'Falagard/Button' added. (00B16648)
14/08/2011 17:29:58 (Std) 	Created WindowRendererFactory for 'Falagard/Default' WindowRenderers.
14/08/2011 17:29:58 (Std) 	WindowRendererFactory 'Falagard/Default' added. (00B16AE0)
14/08/2011 17:29:58 (Std) 	Created WindowRendererFactory for 'Falagard/Editbox' WindowRenderers.
14/08/2011 17:29:58 (Std) 	WindowRendererFactory 'Falagard/Editbox' added. (00B16ED0)
14/08/2011 17:29:58 (Std) 	Created WindowRendererFactory for 'Falagard/FrameWindow' WindowRenderers.
14/08/2011 17:29:58 (Std) 	WindowRendererFactory 'Falagard/FrameWindow' added. (00B16F78)
14/08/2011 17:29:58 (Std) 	Created WindowRendererFactory for 'Falagard/ItemEntry' WindowRenderers.
14/08/2011 17:29:58 (Std) 	WindowRendererFactory 'Falagard/ItemEntry' added. (00B17020)
14/08/2011 17:29:58 (Std) 	Created WindowRendererFactory for 'Falagard/ListHeader' WindowRenderers.
14/08/2011 17:29:58 (Std) 	WindowRendererFactory 'Falagard/ListHeader' added. (00B170C8)
14/08/2011 17:29:58 (Std) 	Created WindowRendererFactory for 'Falagard/ListHeaderSegment' WindowRenderers.
14/08/2011 17:29:58 (Std) 	WindowRendererFactory 'Falagard/ListHeaderSegment' added. (00B17170)
14/08/2011 17:29:58 (Std) 	Created WindowRendererFactory for 'Falagard/Listbox' WindowRenderers.
14/08/2011 17:29:58 (Std) 	WindowRendererFactory 'Falagard/Listbox' added. (00B17218)
14/08/2011 17:29:58 (Std) 	Created WindowRendererFactory for 'Falagard/Menubar' WindowRenderers.
14/08/2011 17:29:58 (Std) 	WindowRendererFactory 'Falagard/Menubar' added. (00B172C0)
14/08/2011 17:29:58 (Std) 	Created WindowRendererFactory for 'Falagard/MenuItem' WindowRenderers.
14/08/2011 17:29:58 (Std) 	WindowRendererFactory 'Falagard/MenuItem' added. (00B17368)
14/08/2011 17:29:58 (Std) 	Created WindowRendererFactory for 'Falagard/MultiColumnList' WindowRenderers.
14/08/2011 17:29:58 (Std) 	WindowRendererFactory 'Falagard/MultiColumnList' added. (00B17410)
14/08/2011 17:29:58 (Std) 	Created WindowRendererFactory for 'Falagard/MultiLineEditbox' WindowRenderers.
14/08/2011 17:29:58 (Std) 	WindowRendererFactory 'Falagard/MultiLineEditbox' added. (00B174B8)
14/08/2011 17:29:58 (Std) 	Created WindowRendererFactory for 'Falagard/PopupMenu' WindowRenderers.
14/08/2011 17:29:58 (Std) 	WindowRendererFactory 'Falagard/PopupMenu' added. (00B17560)
14/08/2011 17:29:58 (Std) 	Created WindowRendererFactory for 'Falagard/ProgressBar' WindowRenderers.
14/08/2011 17:29:58 (Std) 	WindowRendererFactory 'Falagard/ProgressBar' added. (00B17608)
14/08/2011 17:29:58 (Std) 	Created WindowRendererFactory for 'Falagard/ScrollablePane' WindowRenderers.
14/08/2011 17:29:58 (Std) 	WindowRendererFactory 'Falagard/ScrollablePane' added. (00B176B0)
14/08/2011 17:29:58 (Std) 	Created WindowRendererFactory for 'Falagard/Scrollbar' WindowRenderers.
14/08/2011 17:29:58 (Std) 	WindowRendererFactory 'Falagard/Scrollbar' added. (00B17758)
14/08/2011 17:29:58 (Std) 	Created WindowRendererFactory for 'Falagard/Slider' WindowRenderers.
14/08/2011 17:29:58 (Std) 	WindowRendererFactory 'Falagard/Slider' added. (00B17800)
14/08/2011 17:29:58 (Std) 	Created WindowRendererFactory for 'Falagard/Static' WindowRenderers.
14/08/2011 17:29:58 (Std) 	WindowRendererFactory 'Falagard/Static' added. (01EF9C10)
14/08/2011 17:29:58 (Std) 	Created WindowRendererFactory for 'Falagard/StaticImage' WindowRenderers.
14/08/2011 17:29:58 (Std) 	WindowRendererFactory 'Falagard/StaticImage' added. (01EF9CB8)
14/08/2011 17:29:58 (Std) 	Created WindowRendererFactory for 'Falagard/StaticText' WindowRenderers.
14/08/2011 17:29:58 (Std) 	WindowRendererFactory 'Falagard/StaticText' added. (01EF9D60)
14/08/2011 17:29:58 (Std) 	Created WindowRendererFactory for 'Falagard/SystemButton' WindowRenderers.
14/08/2011 17:29:58 (Std) 	WindowRendererFactory 'Falagard/SystemButton' added. (01EF9E08)
14/08/2011 17:29:58 (Std) 	Created WindowRendererFactory for 'Falagard/TabButton' WindowRenderers.
14/08/2011 17:29:58 (Std) 	WindowRendererFactory 'Falagard/TabButton' added. (01EF9EB0)
14/08/2011 17:29:58 (Std) 	Created WindowRendererFactory for 'Falagard/TabControl' WindowRenderers.
14/08/2011 17:29:58 (Std) 	WindowRendererFactory 'Falagard/TabControl' added. (01EF9F58)
14/08/2011 17:29:58 (Std) 	Created WindowRendererFactory for 'Falagard/Titlebar' WindowRenderers.
14/08/2011 17:29:58 (Std) 	WindowRendererFactory 'Falagard/Titlebar' added. (01EFA000)
14/08/2011 17:29:58 (Std) 	Created WindowRendererFactory for 'Falagard/ToggleButton' WindowRenderers.
14/08/2011 17:29:58 (Std) 	WindowRendererFactory 'Falagard/ToggleButton' added. (01EFA0A8)
14/08/2011 17:29:58 (Std) 	Created WindowRendererFactory for 'Falagard/Tooltip' WindowRenderers.
14/08/2011 17:29:58 (Std) 	WindowRendererFactory 'Falagard/Tooltip' added. (01EFA150)
14/08/2011 17:29:58 (Std) 	Created WindowRendererFactory for 'Falagard/ItemListbox' WindowRenderers.
14/08/2011 17:29:58 (Std) 	WindowRendererFactory 'Falagard/ItemListbox' added. (01EFA1F8)
14/08/2011 17:29:58 (Std) 	Created WindowRendererFactory for 'Falagard/Tree' WindowRenderers.
14/08/2011 17:29:58 (Std) 	WindowRendererFactory 'Falagard/Tree' added. (01EFA2A0)
14/08/2011 17:29:58 (Std) 	Creating falagard mapping for type 'TaharezLook/Button' using base type 'CEGUI/PushButton', window renderer 'Falagard/Button' Look'N'Feel 'TaharezLook/Button' and RenderEffect ''. (0029CF08)
14/08/2011 17:29:58 (Std) 	Creating falagard mapping for type 'TaharezLook/Checkbox' using base type 'CEGUI/Checkbox', window renderer 'Falagard/ToggleButton' Look'N'Feel 'TaharezLook/Checkbox' and RenderEffect ''. (0029CF08)
14/08/2011 17:29:58 (Std) 	Creating falagard mapping for type 'TaharezLook/ImageButton' using base type 'CEGUI/PushButton', window renderer 'Falagard/Button' Look'N'Feel 'TaharezLook/ImageButton' and RenderEffect ''. (0029CF08)
14/08/2011 17:29:58 (Std) 	Creating falagard mapping for type 'TaharezLook/RadioButton' using base type 'CEGUI/RadioButton', window renderer 'Falagard/ToggleButton' Look'N'Feel 'TaharezLook/RadioButton' and RenderEffect ''. (0029CF08)
14/08/2011 17:29:58 (Std) 	Creating falagard mapping for type 'TaharezLook/FrameWindow' using base type 'CEGUI/FrameWindow', window renderer 'Falagard/FrameWindow' Look'N'Feel 'TaharezLook/FrameWindow' and RenderEffect ''. (0029CF08)
14/08/2011 17:29:58 (Std) 	Creating falagard mapping for type 'TaharezLook/Titlebar' using base type 'CEGUI/Titlebar', window renderer 'Falagard/Titlebar' Look'N'Feel 'TaharezLook/Titlebar' and RenderEffect ''. (0029CF08)
14/08/2011 17:29:58 (Std) 	Creating falagard mapping for type 'TaharezLook/SystemButton' using base type 'CEGUI/PushButton', window renderer 'Falagard/Button' Look'N'Feel 'TaharezLook/Button' and RenderEffect ''. (0029CF08)
14/08/2011 17:29:58 (Std) 	Creating falagard mapping for type 'TaharezLook/Editbox' using base type 'CEGUI/Editbox', window renderer 'Falagard/Editbox' Look'N'Feel 'TaharezLook/Editbox' and RenderEffect ''. (0029CF08)
14/08/2011 17:29:58 (Std) 	Creating falagard mapping for type 'TaharezLook/MultiLineEditbox' using base type 'CEGUI/MultiLineEditbox', window renderer 'Falagard/MultiLineEditbox' Look'N'Feel 'TaharezLook/MultiLineEditbox' and RenderEffect ''. (0029CF08)
14/08/2011 17:29:58 (Std) 	Creating falagard mapping for type 'TaharezLook/Menubar' using base type 'CEGUI/Menubar', window renderer 'Falagard/Menubar' Look'N'Feel 'TaharezLook/Menubar' and RenderEffect ''. (0029CF08)
14/08/2011 17:29:58 (Std) 	Creating falagard mapping for type 'TaharezLook/PopupMenu' using base type 'CEGUI/PopupMenu', window renderer 'Falagard/PopupMenu' Look'N'Feel 'TaharezLook/PopupMenu' and RenderEffect ''. (0029CF08)
14/08/2011 17:29:58 (Std) 	Creating falagard mapping for type 'TaharezLook/MenuItem' using base type 'CEGUI/MenuItem', window renderer 'Falagard/MenuItem' Look'N'Feel 'TaharezLook/MenuItem' and RenderEffect ''. (0029CF08)
14/08/2011 17:29:58 (Std) 	Creating falagard mapping for type 'TaharezLook/AlternateProgressBar' using base type 'CEGUI/ProgressBar', window renderer 'Falagard/ProgressBar' Look'N'Feel 'TaharezLook/AltProgressBar' and RenderEffect ''. (0029CF08)
14/08/2011 17:29:58 (Std) 	Creating falagard mapping for type 'TaharezLook/ProgressBar' using base type 'CEGUI/ProgressBar', window renderer 'Falagard/ProgressBar' Look'N'Feel 'TaharezLook/ProgressBar' and RenderEffect ''. (0029CF08)
14/08/2011 17:29:58 (Std) 	Creating falagard mapping for type 'TaharezLook/VUMeter' using base type 'CEGUI/ProgressBar', window renderer 'Falagard/ProgressBar' Look'N'Feel 'TaharezLook/VUMeter' and RenderEffect ''. (0029CF08)
14/08/2011 17:29:58 (Std) 	Creating falagard mapping for type 'TaharezLook/VerticalScrollbar' using base type 'CEGUI/Scrollbar', window renderer 'Falagard/Scrollbar' Look'N'Feel 'TaharezLook/VerticalScrollbar' and RenderEffect ''. (0029CF08)
14/08/2011 17:29:58 (Std) 	Creating falagard mapping for type 'TaharezLook/HorizontalScrollbar' using base type 'CEGUI/Scrollbar', window renderer 'Falagard/Scrollbar' Look'N'Feel 'TaharezLook/HorizontalScrollbar' and RenderEffect ''. (0029CF08)
14/08/2011 17:29:58 (Std) 	Creating falagard mapping for type 'TaharezLook/VerticalScrollbarThumb' using base type 'CEGUI/Thumb', window renderer 'Falagard/Button' Look'N'Feel 'TaharezLook/VerticalScrollbarThumb' and RenderEffect ''. (0029CF08)
14/08/2011 17:29:58 (Std) 	Creating falagard mapping for type 'TaharezLook/HorizontalScrollbarThumb' using base type 'CEGUI/Thumb', window renderer 'Falagard/Button' Look'N'Feel 'TaharezLook/HorizontalScrollbarThumb' and RenderEffect ''. (0029CF08)
14/08/2011 17:29:58 (Std) 	Creating falagard mapping for type 'TaharezLook/LargeVerticalScrollbar' using base type 'CEGUI/Scrollbar', window renderer 'Falagard/Scrollbar' Look'N'Feel 'TaharezLook/LargeVerticalScrollbar' and RenderEffect ''. (0029CF08)
14/08/2011 17:29:58 (Std) 	Creating falagard mapping for type 'TaharezLook/LargeVerticalScrollbarThumb' using base type 'CEGUI/Thumb', window renderer 'Falagard/Button' Look'N'Feel 'TaharezLook/LargeVerticalScrollbarThumb' and RenderEffect ''. (0029CF08)
14/08/2011 17:29:58 (Std) 	Creating falagard mapping for type 'TaharezLook/TabButton' using base type 'CEGUI/TabButton', window renderer 'Falagard/TabButton' Look'N'Feel 'TaharezLook/TabButton' and RenderEffect ''. (0029CF08)
14/08/2011 17:29:58 (Std) 	Creating falagard mapping for type 'TaharezLook/TabControl' using base type 'CEGUI/TabControl', window renderer 'Falagard/TabControl' Look'N'Feel 'TaharezLook/TabControl' and RenderEffect ''. (0029CF08)
14/08/2011 17:29:58 (Std) 	Creating falagard mapping for type 'TaharezLook/TabContentPane' using base type 'DefaultWindow', window renderer 'Falagard/Default' Look'N'Feel 'TaharezLook/TabContentPane' and RenderEffect ''. (0029CF08)
14/08/2011 17:29:58 (Std) 	Creating falagard mapping for type 'TaharezLook/TabButtonPane' using base type 'DefaultWindow', window renderer 'Falagard/Default' Look'N'Feel 'TaharezLook/TabButtonPane' and RenderEffect ''. (0029CF08)
14/08/2011 17:29:58 (Std) 	Creating falagard mapping for type 'TaharezLook/ComboDropList' using base type 'CEGUI/ComboDropList', window renderer 'Falagard/Listbox' Look'N'Feel 'TaharezLook/ComboDropList' and RenderEffect ''. (0029CF08)
14/08/2011 17:29:58 (Std) 	Creating falagard mapping for type 'TaharezLook/ComboEditbox' using base type 'CEGUI/Editbox', window renderer 'Falagard/Editbox' Look'N'Feel 'TaharezLook/ComboEditbox' and RenderEffect ''. (0029CF08)
14/08/2011 17:29:58 (Std) 	Creating falagard mapping for type 'TaharezLook/Combobox' using base type 'CEGUI/Combobox', window renderer 'Falagard/Default' Look'N'Feel 'TaharezLook/Combobox' and RenderEffect ''. (0029CF08)
14/08/2011 17:29:58 (Std) 	Creating falagard mapping for type 'TaharezLook/Listbox' using base type 'CEGUI/Listbox', window renderer 'Falagard/Listbox' Look'N'Feel 'TaharezLook/Listbox' and RenderEffect ''. (0029CF08)
14/08/2011 17:29:58 (Std) 	Creating falagard mapping for type 'TaharezLook/ListHeader' using base type 'CEGUI/ListHeader', window renderer 'Falagard/ListHeader' Look'N'Feel 'TaharezLook/ListHeader' and RenderEffect ''. (0029CF08)
14/08/2011 17:29:58 (Std) 	Creating falagard mapping for type 'TaharezLook/ListHeaderSegment' using base type 'CEGUI/ListHeaderSegment', window renderer 'Falagard/ListHeaderSegment' Look'N'Feel 'TaharezLook/ListHeaderSegment' and RenderEffect ''. (0029CF08)
14/08/2011 17:29:58 (Std) 	Creating falagard mapping for type 'TaharezLook/MultiColumnList' using base type 'CEGUI/MultiColumnList', window renderer 'Falagard/MultiColumnList' Look'N'Feel 'TaharezLook/MultiColumnList' and RenderEffect ''. (0029CF08)
14/08/2011 17:29:58 (Std) 	Creating falagard mapping for type 'TaharezLook/Slider' using base type 'CEGUI/Slider', window renderer 'Falagard/Slider' Look'N'Feel 'TaharezLook/Slider' and RenderEffect ''. (0029CF08)
14/08/2011 17:29:58 (Std) 	Creating falagard mapping for type 'TaharezLook/SliderThumb' using base type 'CEGUI/Thumb', window renderer 'Falagard/Button' Look'N'Feel 'TaharezLook/SliderThumb' and RenderEffect ''. (0029CF08)
14/08/2011 17:29:58 (Std) 	Creating falagard mapping for type 'TaharezLook/ScrollablePane' using base type 'CEGUI/ScrollablePane', window renderer 'Falagard/ScrollablePane' Look'N'Feel 'TaharezLook/ScrollablePane' and RenderEffect ''. (0029CF08)
14/08/2011 17:29:58 (Std) 	Creating falagard mapping for type 'TaharezLook/Spinner' using base type 'CEGUI/Spinner', window renderer 'Falagard/Default' Look'N'Feel 'TaharezLook/Spinner' and RenderEffect ''. (0029CF08)
14/08/2011 17:29:58 (Std) 	Creating falagard mapping for type 'TaharezLook/Tooltip' using base type 'CEGUI/Tooltip', window renderer 'Falagard/Tooltip' Look'N'Feel 'TaharezLook/Tooltip' and RenderEffect ''. (0029CF08)
14/08/2011 17:29:58 (Std) 	Creating falagard mapping for type 'TaharezLook/StaticImage' using base type 'DefaultWindow', window renderer 'Falagard/StaticImage' Look'N'Feel 'TaharezLook/StaticImage' and RenderEffect ''. (0029CF08)
14/08/2011 17:29:58 (Std) 	Creating falagard mapping for type 'TaharezLook/StaticText' using base type 'DefaultWindow', window renderer 'Falagard/StaticText' Look'N'Feel 'TaharezLook/StaticText' and RenderEffect ''. (0029CF08)
14/08/2011 17:29:58 (Std) 	Creating falagard mapping for type 'TaharezLook/ItemListbox' using base type 'CEGUI/ItemListbox', window renderer 'Falagard/ItemListbox' Look'N'Feel 'TaharezLook/ItemListbox' and RenderEffect ''. (0029CF08)
14/08/2011 17:29:58 (Std) 	Creating falagard mapping for type 'TaharezLook/ListboxItem' using base type 'CEGUI/ItemEntry', window renderer 'Falagard/ItemEntry' Look'N'Feel 'TaharezLook/ListboxItem' and RenderEffect ''. (0029CF08)
14/08/2011 17:29:58 (Std) 	Creating falagard mapping for type 'TaharezLook/GroupBox' using base type 'CEGUI/GroupBox', window renderer 'Falagard/Default' Look'N'Feel 'TaharezLook/GroupBox' and RenderEffect ''. (0029CF08)
14/08/2011 17:29:58 (Std) 	Creating falagard mapping for type 'TaharezLook/Tree' using base type 'CEGUI/Tree', window renderer 'Falagard/Tree' Look'N'Feel 'TaharezLook/Tree' and RenderEffect ''. (0029CF08)
14/08/2011 17:29:58 (Info) 	---- Resource loading for GUI scheme 'TaharezLook' completed ----
14/08/2011 17:29:58 (Info) 	Window 'Root' of type 'DefaultWindow' has been created. (00B1A2C0)
14/08/2011 17:29:58 (Info) 	Window 'Demo Window' of type 'TaharezLook/FrameWindow' has been created. (01F13450)
14/08/2011 17:29:58 (Info) 	Assigning the window renderer 'Falagard/FrameWindow' to the window 'Demo Window'
14/08/2011 17:29:58 (Info) 	Assigning LookNFeel 'TaharezLook/FrameWindow' to window 'Demo Window'.
14/08/2011 17:29:58 (Info) 	Window 'Demo Window__auto_titlebar__' of type 'TaharezLook/Titlebar' has been created. (01F189F8)
14/08/2011 17:29:58 (Info) 	Assigning the window renderer 'Falagard/Titlebar' to the window 'Demo Window__auto_titlebar__'
14/08/2011 17:29:58 (Info) 	Assigning LookNFeel 'TaharezLook/Titlebar' to window 'Demo Window__auto_titlebar__'.
14/08/2011 17:29:58 (Info) 	Window 'Demo Window__auto_closebutton__' of type 'TaharezLook/ImageButton' has been created. (01F1AF98)
14/08/2011 17:29:58 (Info) 	Assigning the window renderer 'Falagard/Button' to the window 'Demo Window__auto_closebutton__'
14/08/2011 17:29:58 (Info) 	Assigning LookNFeel 'TaharezLook/ImageButton' to window 'Demo Window__auto_closebutton__'.
14/08/2011 17:29:58 (Std) 	Attempting to create Imageset 'DejaVuSans-10_auto_glyph_images_ ' with texture only.
